{"message":"Bookmark with id 842a90b1-5ab0-459f-ba13-df81648ff70c not found.","level":"error"}
{"message":"Bookmark with id 70f0e5f0-b35c-429f-8da8-45f1d0271a8a created","level":"info"}
{"message":"Title is required","level":"error"}
{"message":"Url is required","level":"error"}
{"message":"Description is required","level":"error"}
{"message":"Rating is required","level":"error"}
{"message":"Bookmark with id fd96ba93-5056-437d-a6d0-03d05d39956f created","level":"info"}
{"message":"List with id 4caf0a73-72f5-438b-9955-1f7e8fb23e21 deleted","level":"info"}
{"message":"Unauthorized request to path: /","level":"error"}
{"message":"Unauthorized request to path: /bookmarks","level":"error"}
{"message":"Unauthorized request to path: /","level":"error"}
{"message":"Unauthorized request to path: /bookmarks","level":"error"}
{"message":"Unauthorized request to path: /","level":"error"}
{"message":"Unauthorized request to path: /bookmarks","level":"error"}
{"message":"Unauthorized request to path: /","level":"error"}
{"message":"Unauthorized request to path: /","level":"error"}
{"message":"Unauthorized request to path: /","level":"error"}
{"message":"Unauthorized request to path: /","level":"error"}
{"message":"Unauthorized request to path: /","level":"error"}
{"message":"Bookmark with id 12345 not found.","level":"error"}
{"message":"Bookmark with id 12345 not found.","level":"error"}
{"message":"Bookmark with id 12345 not found.","level":"error"}
{"message":"Bookmark with id 12345 not found.","level":"error"}
{"message":"Bookmark with id 12345 not found.","level":"error"}
{"message":"Bookmark with id 12345 not found.","level":"error"}
{"message":"Bookmark with id 12345 not found.","level":"error"}
{"message":"Bookmark with id 12345 not found.","level":"error"}
{"message":"Bookmark with id 12345 not found.","level":"error"}
{"message":"Bookmark with id 12345 not found.","level":"error"}
{"message":"Bookmark with id 12345 not found.","level":"error"}
{"message":"Bookmark with id 2 not found.","level":"error"}
{"message":"Bookmark with id 12345 not found.","level":"error"}
